<?xml version="1.0" encoding="UTF-8" ?>
<testsuite tests="17" failures="0" name="CalculatorTest" time="0.016" errors="0" skipped="0">
  <properties>
[...]
</properties>
  <testcase classname="CalculatorTest" name="TestSubtract_testNegativeAndZero_shouldBeSubtracting" time="0.011"/>
  <testcase classname="CalculatorTest" name="TestMultiply_multiplyWithZero_shouldBeMultiplying" time="0"/>
  <testcase classname="CalculatorTest" name="TestMultiply_testNegativeAndPositiveNumber_shouldBeMultiplying" time="0"/>
  <testcase classname="CalculatorTest" name="TestMultiply_testTwoNegativeNumbers_shouldBeMultiplying" time="0"/>
  <testcase classname="CalculatorTest" name="TestSubtract_testTwoNegativeNumbers_shouldBeSubtracting" time="0.001"/>
  <testcase classname="CalculatorTest" name="TestAdd_testTwoPositiveNumbers_shouldBeAdding" time="0"/>
  <testcase classname="CalculatorTest" name="TestSubtract_testPositiveAndZero_shouldBeSubtracting" time="0.001"/>
  <testcase classname="CalculatorTest" name="TestAdd_testPositiveAndNegative_shouldBeAdding" time="0"/>
  <testcase classname="CalculatorTest" name="TestSubtract_TwoZeros_shouldBeSubtracting" time="0.001"/>
  <testcase classname="CalculatorTest" name="TestAdd_TwoZeros_shouldBeAdding" time="0"/>
  <testcase classname="CalculatorTest" name="TestAdd_testPositiveAndZero_shouldBeAdding" time="0"/>
  <testcase classname="CalculatorTest" name="TestSubtract_testPositiveAndNegative_shouldBeSubtracting" time="0.001"/>
  <testcase classname="CalculatorTest" name="TestMultiply_testTwoPositiveNumbers_shouldBeMultiplying" time="0"/>
  <testcase classname="CalculatorTest" name="TestAdd_testTwoNegativeNumbers_shouldBeAdding" time="0.001"/>
  <testcase classname="CalculatorTest" name="TestMultiply_testTwoZeroValues_shouldBeMultiplying" time="0"/>
  <testcase classname="CalculatorTest" name="TestSubtract_testTwoPositiveNumbers_shouldBeSubtracting" time="0"/>
  <testcase classname="CalculatorTest" name="TestAdd_testNegativeAndZero_shouldBeAdding" time="0"/>
</testsuite>